0 verbose cli /usr/local/bin/node /usr/local/bin/npm
1 info using npm@8.12.0
2 info using node@v16.13.2
3 timing npm:load:whichnode Completed in 1ms
4 timing config:load:defaults Completed in 2ms
5 timing config:load:file:/usr/local/lib/node_modules/npm/npmrc Completed in 2ms
6 timing config:load:builtin Completed in 2ms
7 timing config:load:cli Completed in 3ms
8 timing config:load:env Completed in 0ms
9 timing config:load:project Completed in 9ms
10 timing config:load:file:/app/.npmrc Completed in 1ms
11 timing config:load:user Completed in 2ms
12 timing config:load:file:/usr/local/etc/npmrc Completed in 0ms
13 timing config:load:global Completed in 1ms
14 timing config:load:validate Completed in 0ms
15 timing config:load:credentials Completed in 1ms
16 timing config:load:setEnvs Completed in 1ms
17 timing config:load Completed in 23ms
18 timing npm:load:configload Completed in 23ms
19 timing npm:load:mkdirpcache Completed in 3ms
20 timing npm:load:mkdirplogs Completed in 1ms
21 verbose title npm run dev
22 verbose argv "run" "dev"
23 timing npm:load:setTitle Completed in 1ms
24 timing config:load:flatten Completed in 4ms
25 timing npm:load:display Completed in 5ms
26 verbose logfile logs-max:10 dir:/app/.npm/_logs
27 verbose logfile /app/.npm/_logs/2022-06-02T13_17_38_104Z-debug-0.log
28 timing npm:load:logFile Completed in 30ms
29 timing npm:load:timers Completed in 1ms
30 timing npm:load:configScope Completed in 0ms
31 timing npm:load Completed in 70ms
32 silly logfile done cleaning log files
33 timing command:run Completed in 12ms
34 verbose stack Error: Missing script: "dev"
34 verbose stack
34 verbose stack To see a list of scripts, run:
34 verbose stack   npm run
34 verbose stack     at RunScript.run (/usr/local/lib/node_modules/npm/lib/commands/run-script.js:97:13)
34 verbose stack     at async module.exports (/usr/local/lib/node_modules/npm/lib/cli.js:78:5)
35 verbose cwd /app
36 verbose Linux 5.10.104-linuxkit
37 verbose node v16.13.2
38 verbose npm  v8.12.0
39 error Missing script: "dev"
39 error
39 error To see a list of scripts, run:
39 error   npm run
40 verbose exit 1
41 timing npm Completed in 103ms
42 verbose code 1
43 error A complete log of this run can be found in:
43 error     /app/.npm/_logs/2022-06-02T13_17_38_104Z-debug-0.log
